#
# There is insufficient memory for the Java Runtime Environment to continue.
# Native memory allocation (mmap) failed to map 32505856 bytes for Failed to commit area from 0x000000008b000000 to 0x000000008cf00000 of length 32505856.
# Possible reasons:
#   The system is out of physical RAM or swap space
#   The process is running with CompressedOops enabled, and the Java Heap may be blocking the growth of the native heap
# Possible solutions:
#   Reduce memory load on the system
#   Increase physical memory or swap space
#   Check if swap backing store is full
#   Decrease Java heap size (-Xmx/-Xms)
#   Decrease number of Java threads
#   Decrease Java thread stack sizes (-Xss)
#   Set larger code cache with -XX:ReservedCodeCacheSize=
#   JVM is running with Unscaled Compressed Oops mode in which the Java heap is
#     placed in the first 4GB address space. The Java Heap base address is the
#     maximum limit for the native heap growth. Please use -XX:HeapBaseMinAddress
#     to set the Java Heap base and to place the Java Heap above 4GB virtual address.
# This output file may be truncated or incomplete.
#
#  Out of Memory Error (t:/workspace/hotspot/src/os/windows/vm/os_windows.cpp:3357), pid=3304, tid=14792
#
# JRE version: Java(TM) SE Runtime Environment (9.0+11) (build 9.0.4+11)
# Java VM: Java HotSpot(TM) 64-Bit Server VM (9.0.4+11, mixed mode, tiered, compressed oops, g1 gc, windows-amd64)
# No core dump will be written. Minidumps are not enabled by default on client versions of Windows
#

---------------  S U M M A R Y ------------

Command Line: -Dmaven.multiModuleProjectDirectory=C:\Users\Administrator\Desktop\chong\flyCinema_by_github -DarchetypeCatalog=internal -Dmaven.home=H:\BOOKs\IT\Desktop_Quick_Path\06_Java_EE\apache-maven-3.6.3 -Dclassworlds.conf=H:\BOOKs\IT\Desktop_Quick_Path\06_Java_EE\apache-maven-3.6.3\bin\m2.conf -Dmaven.ext.class.path=F:\IDEA\IntelliJ IDEA 2020.1.2\plugins\maven\lib\maven-event-listener.jar -javaagent:F:\IDEA\IntelliJ IDEA 2020.1.2\lib\idea_rt.jar=5953:F:\IDEA\IntelliJ IDEA 2020.1.2\bin -Dfile.encoding=UTF-8 org.codehaus.classworlds.Launcher -Didea.version2020.1.2 -s H:\BOOKs\IT\Desktop_Quick_Path\06_Java_EE\apache-maven-3.6.3\conf\settings.xml tomcat7:run

Host: Intel(R) Core(TM) i5-6300HQ CPU @ 2.30GHz, 4 cores, 7G,  Windows 10 , 64 bit Build 18362 (10.0.18362.959)
Time: Fri Sep 18 00:22:35 2020 ?D1¨²¡À¨º¡Á?¨º¡À?? elapsed time: 7 seconds (0d 0h 0m 7s)

---------------  T H R E A D  ---------------

Current thread (0x00000239d4524000):  VMThread "VM Thread" [stack: 0x00000097a1c00000,0x00000097a1d00000] [id=14792]

Stack: [0x00000097a1c00000,0x00000097a1d00000]
[error occurred during error reporting (printing stack bounds), id 0xe0000002]

Native frames: (J=compiled Java code, j=interpreted, Vv=VM code, C=native code)
V  [jvm.dll+0x587068]
V  [jvm.dll+0x69c25e]
V  [jvm.dll+0x69d17a]
V  [jvm.dll+0x69cd05]
V  [jvm.dll+0x69d71b]
V  [jvm.dll+0x5868c6]
V  [jvm.dll+0x586c98]
C  [ntdll.dll+0xa11cf]
C  [ntdll.dll+0x6a209]
C  [ntdll.dll+0x9fe3e]
C  0x00000239bd1e0e2a

VM_Operation (0x00000097a2afeb50): G1IncCollectionPause, mode: safepoint, requested by thread 0x00000239d5869000


---------------  P R O C E S S  ---------------

Java Threads: ( => current thread )
  0x00000239d5869000 JavaThread "localhost-startStop-1" daemon [_thread_blocked, id=11580, stack(0x00000097a2a00000,0x00000097a2b00000)]
  0x00000239d586b000 JavaThread "Tomcat-startStop-1" daemon [_thread_blocked, id=9224, stack(0x00000097a2900000,0x00000097a2a00000)]
  0x00000239d481e800 JavaThread "Service Thread" daemon [_thread_blocked, id=8580, stack(0x00000097a2700000,0x00000097a2800000)]
  0x00000239d481d800 JavaThread "Monitor Ctrl-Break" daemon [_thread_in_native, id=7640, stack(0x00000097a2600000,0x00000097a2700000)]
  0x00000239d462e000 JavaThread "Common-Cleaner" daemon [_thread_blocked, id=7236, stack(0x00000097a2500000,0x00000097a2600000)]
  0x00000239d45a0800 JavaThread "Sweeper thread" daemon [_thread_blocked, id=10332, stack(0x00000097a2400000,0x00000097a2500000)]
  0x00000239d459d800 JavaThread "C1 CompilerThread2" daemon [_thread_blocked, id=5388, stack(0x00000097a2300000,0x00000097a2400000)]
  0x00000239d4599800 JavaThread "C2 CompilerThread1" daemon [_thread_in_native, id=2536, stack(0x00000097a2200000,0x00000097a2300000)]
  0x00000239d4593800 JavaThread "C2 CompilerThread0" daemon [_thread_in_native, id=5704, stack(0x00000097a2100000,0x00000097a2200000)]
  0x00000239d4592800 JavaThread "Attach Listener" daemon [_thread_blocked, id=8172, stack(0x00000097a2000000,0x00000097a2100000)]
  0x00000239d4592000 JavaThread "Signal Dispatcher" daemon [_thread_blocked, id=1124, stack(0x00000097a1f00000,0x00000097a2000000)]
  0x00000239d4531800 JavaThread "Finalizer" daemon [_thread_blocked, id=4808, stack(0x00000097a1e00000,0x00000097a1f00000)]
  0x00000239d4527000 JavaThread "Reference Handler" daemon [_thread_blocked, id=1620, stack(0x00000097a1d00000,0x00000097a1e00000)]
  0x00000239b0ebc800 JavaThread "main" [_thread_blocked, id=10596, stack(0x00000097a1000000,0x00000097a1100000)]

Other Threads:
=>0x00000239d4524000 VMThread "VM Thread" [stack: 0x00000097a1c00000,0x00000097a1d00000] [id=14792]
  0x00000239d4825000 WatcherThread [stack: 0x00000097a2800000,0x00000097a2900000] [id=1888]
  0x00000239b0ed3800 GCTaskThread "GC Thread#0" [stack: 0x00000097a1100000,0x00000097a1200000] [id=4664]
  0x00000239b0ed5000 GCTaskThread "GC Thread#1" [stack: 0x00000097a1200000,0x00000097a1300000] [id=10504]
  0x00000239b0ed7800 GCTaskThread "GC Thread#2" [stack: 0x00000097a1300000,0x00000097a1400000] [id=1144]
  0x00000239b0ed9800 GCTaskThread "GC Thread#3" [stack: 0x00000097a1400000,0x00000097a1500000] [id=9548]
  0x00000239b0f61000 ConcurrentGCThread "G1 Main Marker" [stack: 0x00000097a1a00000,0x00000097a1b00000] [id=3368]
  0x00000239b0f62000 ConcurrentGCThread "G1 Marker#0" [stack: 0x00000097a1b00000,0x00000097a1c00000] [id=7516]
  0x00000239b0ee9000 ConcurrentGCThread "G1 Refine#0" [stack: 0x00000097a1800000,0x00000097a1900000] [id=4540]
  0x00000239b0ee8000 ConcurrentGCThread "G1 Refine#1" [stack: 0x00000097a1700000,0x00000097a1800000] [id=2988]
  0x00000239b0ee7800 ConcurrentGCThread "G1 Refine#2" [stack: 0x00000097a1600000,0x00000097a1700000] [id=12660]
  0x00000239b0ee4800 ConcurrentGCThread "G1 Refine#3" [stack: 0x00000097a1500000,0x00000097a1600000] [id=6276]
  0x00000239b0ef2800 ConcurrentGCThread "G1 Young RemSet Sampling" [stack: 0x00000097a1900000,0x00000097a1a00000] [id=11244]

Threads with active compile tasks:
C2 CompilerThread15288   !   4       org.apache.tomcat.util.bcel.classfile.ClassParser::parse (294 bytes)
C2 CompilerThread05286       4       org.apache.catalina.startup.ContextConfig::populateSCIsForCacheEntry (192 bytes)

VM state:at safepoint (normal execution)

VM Mutex/Monitor currently owned by a thread:  ([mutex/lock_event])
[0x00000239b0ebbed0] Threads_lock - owner thread: 0x00000239d4524000
[0x00000239b0ebbc90] Heap_lock - owner thread: 0x00000239d5869000

Heap address: 0x0000000081600000, size: 2026 MB, Compressed Oops mode: 32-bit
Narrow klass base: 0x0000000000000000, Narrow klass shift: 3
Compressed class space size: 1073741824 Address: 0x0000000100000000

Heap:
 garbage-first heap   total 189440K, used 47309K [0x0000000081600000, 0x00000000817005c8, 0x0000000100000000)
  region size 1024K, 10 young (10240K), 10 survivors (10240K)
 Metaspace       used 30873K, capacity 32022K, committed 32256K, reserved 1077248K
  class space    used 3244K, capacity 3484K, committed 3584K, reserved 1048576K
Heap Regions: E=young(eden), S=young(survivor), O=old, HS=humongous(starts), HC=humongous(continues), CS=collection set, F=free, A=archive, TS=gc time stamp, AC=allocation context, TAMS=top-at-mark-start (previous, next)
|   0|0x0000000081600000, 0x0000000081700000, 0x0000000081700000|100%| O|  |TS  0|AC  0|TAMS 0x0000000081700000, 0x0000000081700000|
|   1|0x0000000081700000, 0x0000000081800000, 0x0000000081800000|100%| O|  |TS  0|AC  0|TAMS 0x0000000081800000, 0x0000000081800000|
|   2|0x0000000081800000, 0x0000000081900000, 0x0000000081900000|100%| O|  |TS  0|AC  0|TAMS 0x0000000081900000, 0x0000000081900000|
|   3|0x0000000081900000, 0x0000000081a00000, 0x0000000081a00000|100%| O|  |TS  0|AC  0|TAMS 0x0000000081a00000, 0x0000000081a00000|
|   4|0x0000000081a00000, 0x0000000081b00000, 0x0000000081b00000|100%| O|  |TS  1|AC  0|TAMS 0x0000000081a00000, 0x0000000081a00000|
|   5|0x0000000081b00000, 0x0000000081c00000, 0x0000000081c00000|100%| O|  |TS  1|AC  0|TAMS 0x0000000081b00000, 0x0000000081b00000|
|   6|0x0000000081c00000, 0x0000000081d00000, 0x0000000081d00000|100%| O|  |TS  1|AC  0|TAMS 0x0000000081c00000, 0x0000000081c00000|
|   7|0x0000000081d00000, 0x0000000081e00000, 0x0000000081e00000|100%| O|  |TS  1|AC  0|TAMS 0x0000000081d00000, 0x0000000081d00000|
|   8|0x0000000081e00000, 0x0000000081f00000, 0x0000000081f00000|100%| O|  |TS  5|AC  0|TAMS 0x0000000081e00000, 0x0000000081e00000|
|   9|0x0000000081f00000, 0x0000000082000000, 0x0000000082000000|100%| O|  |TS  5|AC  0|TAMS 0x0000000081f00000, 0x0000000081f00000|
|  10|0x0000000082000000, 0x0000000082100000, 0x0000000082100000|100%| O|  |TS  5|AC  0|TAMS 0x0000000082000000, 0x0000000082000000|
|  11|0x0000000082100000, 0x0000000082200000, 0x0000000082200000|100%| O|  |TS  5|AC  0|TAMS 0x0000000082100000, 0x0000000082100000|
|  12|0x0000000082200000, 0x0000000082300000, 0x0000000082300000|100%| O|  |TS  5|AC  0|TAMS 0x0000000082200000, 0x0000000082200000|
|  13|0x0000000082300000, 0x0000000082400000, 0x0000000082400000|100%| O|  |TS  5|AC  0|TAMS 0x0000000082300000, 0x0000000082300000|
|  14|0x0000000082400000, 0x0000000082500000, 0x0000000082500000|100%| O|  |TS  5|AC  0|TAMS 0x0000000082400000, 0x0000000082400000|
|  15|0x0000000082500000, 0x0000000082600000, 0x0000000082600000|100%| O|  |TS  5|AC  0|TAMS 0x0000000082500000, 0x0000000082500000|
|  16|0x0000000082600000, 0x0000000082700000, 0x0000000082700000|100%| O|  |TS  5|AC  0|TAMS 0x0000000082600000, 0x0000000082600000|
|  17|0x0000000082700000, 0x0000000082800000, 0x0000000082800000|100%| O|  |TS  7|AC  0|TAMS 0x0000000082700000, 0x0000000082700000|
|  18|0x0000000082800000, 0x0000000082900000, 0x0000000082900000|100%| O|  |TS  7|AC  0|TAMS 0x0000000082800000, 0x0000000082800000|
|  19|0x0000000082900000, 0x0000000082a00000, 0x0000000082a00000|100%| O|  |TS  7|AC  0|TAMS 0x0000000082900000, 0x0000000082900000|
|  20|0x0000000082a00000, 0x0000000082b00000, 0x0000000082b00000|100%| O|  |TS  7|AC  0|TAMS 0x0000000082a00000, 0x0000000082a00000|
|  21|0x0000000082b00000, 0x0000000082c00000, 0x0000000082c00000|100%| O|  |TS  7|AC  0|TAMS 0x0000000082b00000, 0x0000000082b00000|
|  22|0x0000000082c00000, 0x0000000082d00000, 0x0000000082d00000|100%| O|  |TS  7|AC  0|TAMS 0x0000000082c00000, 0x0000000082c00000|
|  23|0x0000000082d00000, 0x0000000082e00000, 0x0000000082e00000|100%| O|  |TS  7|AC  0|TAMS 0x0000000082d00000, 0x0000000082d00000|
|  24|0x0000000082e00000, 0x0000000082f00000, 0x0000000082f00000|100%| O|  |TS  7|AC  0|TAMS 0x0000000082e00000, 0x0000000082e00000|
|  25|0x0000000082f00000, 0x0000000083000000, 0x0000000083000000|100%| O|  |TS  7|AC  0|TAMS 0x0000000082f00000, 0x0000000082f00000|
|  26|0x0000000083000000, 0x0000000083100000, 0x0000000083100000|100%| O|  |TS  7|AC  0|TAMS 0x0000000083000000, 0x0000000083000000|
|  27|0x0000000083100000, 0x0000000083200000, 0x0000000083200000|100%| O|  |TS  7|AC  0|TAMS 0x0000000083100000, 0x0000000083100000|
|  28|0x0000000083200000, 0x0000000083300000, 0x0000000083300000|100%| O|  |TS  7|AC  0|TAMS 0x0000000083200000, 0x0000000083200000|
|  29|0x0000000083300000, 0x0000000083400000, 0x0000000083400000|100%| O|  |TS  9|AC  0|TAMS 0x0000000083300000, 0x0000000083300000|
|  30|0x0000000083400000, 0x0000000083500000, 0x0000000083500000|100%| O|  |TS  9|AC  0|TAMS 0x0000000083400000, 0x0000000083400000|
|  31|0x0000000083500000, 0x0000000083600000, 0x0000000083600000|100%| O|  |TS  9|AC  0|TAMS 0x0000000083500000, 0x0000000083500000|
|  32|0x0000000083600000, 0x0000000083700000, 0x0000000083700000|100%| O|  |TS 11|AC  0|TAMS 0x0000000083600000, 0x0000000083600000|
|  33|0x0000000083700000, 0x0000000083800000, 0x0000000083800000|100%| O|  |TS 11|AC  0|TAMS 0x0000000083700000, 0x0000000083700000|
|  34|0x0000000083800000, 0x0000000083900000, 0x0000000083900000|100%| O|  |TS 11|AC  0|TAMS 0x0000000083800000, 0x0000000083800000|
|  35|0x0000000083900000, 0x0000000083a00000, 0x0000000083a00000|100%| O|  |TS 11|AC  0|TAMS 0x0000000083900000, 0x0000000083900000|
|  36|0x0000000083a00000, 0x0000000083a33600, 0x0000000083b00000| 20%| O|  |TS 11|AC  0|TAMS 0x0000000083a00000, 0x0000000083a00000|
|  37|0x0000000083b00000, 0x0000000083b00000, 0x0000000083c00000|  0%| F|  |TS  0|AC  0|TAMS 0x0000000083b00000, 0x0000000083b00000|
|  38|0x0000000083c00000, 0x0000000083c00000, 0x0000000083d00000|  0%| F|  |TS  0|AC  0|TAMS 0x0000000083c00000, 0x0000000083c00000|
|  39|0x0000000083d00000, 0x0000000083d00000, 0x0000000083e00000|  0%| F|  |TS  0|AC  0|TAMS 0x0000000083d00000, 0x0000000083d00000|
|  40|0x0000000083e00000, 0x0000000083e00000, 0x0000000083f00000|  0%| F|  |TS  0|AC  0|TAMS 0x0000000083e00000, 0x0000000083e00000|
|  41|0x0000000083f00000, 0x0000000083f00000, 0x0000000084000000|  0%| F|  |TS  0|AC  0|TAMS 0x0000000083f00000, 0x0000000083f00000|
|  42|0x0000000084000000, 0x0000000084000000, 0x0000000084100000|  0%| F|  |TS  5|AC  0|TAMS 0x0000000084000000, 0x0000000084000000|
|  43|0x0000000084100000, 0x0000000084100000, 0x0000000084200000|  0%| F|  |TS  5|AC  0|TAMS 0x0000000084100000, 0x0000000084100000|
|  44|0x0000000084200000, 0x0000000084200000, 0x0000000084300000|  0%| F|  |TS  5|AC  0|TAMS 0x0000000084200000, 0x0000000084200000|
|  45|0x0000000084300000, 0x0000000084300000, 0x0000000084400000|  0%| F|  |TS  5|AC  0|TAMS 0x0000000084300000, 0x0000000084300000|
|  46|0x0000000084400000, 0x0000000084400000, 0x0000000084500000|  0%| F|  |TS  3|AC  0|TAMS 0x0000000084400000, 0x0000000084400000|
|  47|0x0000000084500000, 0x0000000084500000, 0x0000000084600000|  0%| F|  |TS  3|AC  0|TAMS 0x0000000084500000, 0x0000000084500000|
|  48|0x0000000084600000, 0x0000000084600000, 0x0000000084700000|  0%| F|  |TS  3|AC  0|TAMS 0x0000000084600000, 0x0000000084600000|
|  49|0x0000000084700000, 0x0000000084700000, 0x0000000084800000|  0%| F|  |TS  3|AC  0|TAMS 0x0000000084700000, 0x0000000084700000|
|  50|0x0000000084800000, 0x0000000084800000, 0x0000000084900000|  0%| F|  |TS  3|AC  0|TAMS 0x0000000084800000, 0x0000000084800000|
|  51|0x0000000084900000, 0x0000000084900000, 0x0000000084a00000|  0%| F|  |TS  3|AC  0|TAMS 0x0000000084900000, 0x0000000084900000|
|  52|0x0000000084a00000, 0x0000000084a00000, 0x0000000084b00000|  0%| F|  |TS  5|AC  0|TAMS 0x0000000084a00000, 0x0000000084a00000|
|  53|0x0000000084b00000, 0x0000000084b00000, 0x0000000084c00000|  0%| F|  |TS  9|AC  0|TAMS 0x0000000084b00000, 0x0000000084b00000|
|  54|0x0000000084c00000, 0x0000000084c00000, 0x0000000084d00000|  0%| F|  |TS  9|AC  0|TAMS 0x0000000084c00000, 0x0000000084c00000|
|  55|0x0000000084d00000, 0x0000000084d00000, 0x0000000084e00000|  0%| F|  |TS  9|AC  0|TAMS 0x0000000084d00000, 0x0000000084d00000|
|  56|0x0000000084e00000, 0x0000000084e00000, 0x0000000084f00000|  0%| F|  |TS  9|AC  0|TAMS 0x0000000084e00000, 0x0000000084e00000|
|  57|0x0000000084f00000, 0x0000000084f00000, 0x0000000085000000|  0%| F|  |TS  9|AC  0|TAMS 0x0000000084f00000, 0x0000000084f00000|
|  58|0x0000000085000000, 0x0000000085000000, 0x0000000085100000|  0%| F|  |TS  9|AC  0|TAMS 0x0000000085000000, 0x0000000085000000|
|  59|0x0000000085100000, 0x0000000085100000, 0x0000000085200000|  0%| F|  |TS  9|AC  0|TAMS 0x0000000085100000, 0x0000000085100000|
|  60|0x0000000085200000, 0x0000000085200000, 0x0000000085300000|  0%| F|  |TS  7|AC  0|TAMS 0x0000000085200000, 0x0000000085200000|
|  61|0x0000000085300000, 0x0000000085300000, 0x0000000085400000|  0%| F|  |TS  7|AC  0|TAMS 0x0000000085300000, 0x0000000085300000|
|  62|0x0000000085400000, 0x0000000085400000, 0x0000000085500000|  0%| F|  |TS  7|AC  0|TAMS 0x0000000085400000, 0x0000000085400000|
|  63|0x0000000085500000, 0x0000000085500000, 0x0000000085600000|  0%| F|  |TS  7|AC  0|TAMS 0x0000000085500000, 0x0000000085500000|
|  64|0x0000000085600000, 0x0000000085600000, 0x0000000085700000|  0%| F|  |TS  7|AC  0|TAMS 0x0000000085600000, 0x0000000085600000|
|  65|0x0000000085700000, 0x0000000085700000, 0x0000000085800000|  0%| F|  |TS  7|AC  0|TAMS 0x0000000085700000, 0x0000000085700000|
|  66|0x0000000085800000, 0x0000000085900000, 0x0000000085900000|100%| S|CS|TS 11|AC  0|TAMS 0x0000000085800000, 0x0000000085800000|
|  67|0x0000000085900000, 0x0000000085a00000, 0x0000000085a00000|100%| S|CS|TS 11|AC  0|TAMS 0x0000000085900000, 0x0000000085900000|
|  68|0x0000000085a00000, 0x0000000085b00000, 0x0000000085b00000|100%| S|CS|TS 11|AC  0|TAMS 0x0000000085a00000, 0x0000000085a00000|
|  69|0x0000000085b00000, 0x0000000085b00000, 0x0000000085c00000|  0%| F|  |TS 11|AC  0|TAMS 0x0000000085b00000, 0x0000000085b00000|
|  70|0x0000000085c00000, 0x0000000085c00000, 0x0000000085d00000|  0%| F|  |TS 11|AC  0|TAMS 0x0000000085c00000, 0x0000000085c00000|
|  71|0x0000000085d00000, 0x0000000085d00000, 0x0000000085e00000|  0%| F|  |TS 11|AC  0|TAMS 0x0000000085d00000, 0x0000000085d00000|
|  72|0x0000000085e00000, 0x0000000085f00000, 0x0000000085f00000|100%| S|CS|TS 11|AC  0|TAMS 0x0000000085e00000, 0x0000000085e00000|
|  73|0x0000000085f00000, 0x0000000086000000, 0x0000000086000000|100%| S|CS|TS 11|AC  0|TAMS 0x0000000085f00000, 0x0000000085f00000|
|  74|0x0000000086000000, 0x0000000086100000, 0x0000000086100000|100%| S|CS|TS 11|AC  0|TAMS 0x0000000086000000, 0x0000000086000000|
|  75|0x0000000086100000, 0x0000000086200000, 0x0000000086200000|100%| S|CS|TS 11|AC  0|TAMS 0x0000000086100000, 0x0000000086100000|
|  76|0x0000000086200000, 0x0000000086300000, 0x0000000086300000|100%| S|CS|TS 11|AC  0|TAMS 0x0000000086200000, 0x0000000086200000|
|  77|0x0000000086300000, 0x0000000086300000, 0x0000000086400000|  0%| F|  |TS 11|AC  0|TAMS 0x0000000086300000, 0x0000000086300000|
|  78|0x0000000086400000, 0x0000000086400000, 0x0000000086500000|  0%| F|  |TS 11|AC  0|TAMS 0x0000000086400000, 0x0000000086400000|
|  79|0x0000000086500000, 0x0000000086500000, 0x0000000086600000|  0%| F|  |TS 11|AC  0|TAMS 0x0000000086500000, 0x0000000086500000|
|  80|0x0000000086600000, 0x0000000086600000, 0x0000000086700000|  0%| F|  |TS 11|AC  0|TAMS 0x0000000086600000, 0x0000000086600000|
|  81|0x0000000086700000, 0x0000000086700000, 0x0000000086800000|  0%| F|  |TS 11|AC  0|TAMS 0x0000000086700000, 0x0000000086700000|
|  82|0x0000000086800000, 0x0000000086800000, 0x0000000086900000|  0%| F|  |TS 11|AC  0|TAMS 0x0000000086800000, 0x0000000086800000|
|  83|0x0000000086900000, 0x0000000086900000, 0x0000000086a00000|  0%| F|  |TS 11|AC  0|TAMS 0x0000000086900000, 0x0000000086900000|
|  84|0x0000000086a00000, 0x0000000086a00000, 0x0000000086b00000|  0%| F|  |TS 11|AC  0|TAMS 0x0000000086a00000, 0x0000000086a00000|
|  85|0x0000000086b00000, 0x0000000086c00000, 0x0000000086c00000|100%| S|CS|TS 11|AC  0|TAMS 0x0000000086b00000, 0x0000000086b00000|
|  86|0x0000000086c00000, 0x0000000086d00000, 0x0000000086d00000|100%| S|CS|TS 11|AC  0|TAMS 0x0000000086c00000, 0x0000000086c00000|
|  87|0x0000000086d00000, 0x0000000086d00000, 0x0000000086e00000|  0%| F|  |TS 11|AC  0|TAMS 0x0000000086d00000, 0x0000000086d00000|
|  88|0x0000000086e00000, 0x0000000086e00000, 0x0000000086f00000|  0%| F|  |TS 11|AC  0|TAMS 0x0000000086e00000, 0x0000000086e00000|
|  89|0x0000000086f00000, 0x0000000086f00000, 0x0000000087000000|  0%| F|  |TS 11|AC  0|TAMS 0x0000000086f00000, 0x0000000086f00000|
|  90|0x0000000087000000, 0x0000000087000000, 0x0000000087100000|  0%| F|  |TS 11|AC  0|TAMS 0x0000000087000000, 0x0000000087000000|
|  91|0x0000000087100000, 0x0000000087100000, 0x0000000087200000|  0%| F|  |TS 11|AC  0|TAMS 0x0000000087100000, 0x0000000087100000|
|  92|0x0000000087200000, 0x0000000087200000, 0x0000000087300000|  0%| F|  |TS 11|AC  0|TAMS 0x0000000087200000, 0x0000000087200000|
|  93|0x0000000087300000, 0x0000000087300000, 0x0000000087400000|  0%| F|  |TS 11|AC  0|TAMS 0x0000000087300000, 0x0000000087300000|
|  94|0x0000000087400000, 0x0000000087400000, 0x0000000087500000|  0%| F|  |TS 11|AC  0|TAMS 0x0000000087400000, 0x0000000087400000|
|  95|0x0000000087500000, 0x0000000087500000, 0x0000000087600000|  0%| F|  |TS 11|AC  0|TAMS 0x0000000087500000, 0x0000000087500000|
|  96|0x0000000087600000, 0x0000000087600000, 0x0000000087700000|  0%| F|  |TS 11|AC  0|TAMS 0x0000000087600000, 0x0000000087600000|
|  97|0x0000000087700000, 0x0000000087700000, 0x0000000087800000|  0%| F|  |TS 11|AC  0|TAMS 0x0000000087700000, 0x0000000087700000|
|  98|0x0000000087800000, 0x0000000087800000, 0x0000000087900000|  0%| F|  |TS 11|AC  0|TAMS 0x0000000087800000, 0x0000000087800000|
|  99|0x0000000087900000, 0x0000000087900000, 0x0000000087a00000|  0%| F|  |TS 11|AC  0|TAMS 0x0000000087900000, 0x0000000087900000|
| 100|0x0000000087a00000, 0x0000000087a00000, 0x0000000087b00000|  0%| F|  |TS 11|AC  0|TAMS 0x0000000087a00000, 0x0000000087a00000|
| 101|0x0000000087b00000, 0x0000000087b00000, 0x0000000087c00000|  0%| F|  |TS 11|AC  0|TAMS 0x0000000087b00000, 0x0000000087b00000|
| 102|0x0000000087c00000, 0x0000000087c00000, 0x0000000087d00000|  0%| F|  |TS 11|AC  0|TAMS 0x0000000087c00000, 0x0000000087c00000|
| 103|0x0000000087d00000, 0x0000000087d00000, 0x0000000087e00000|  0%| F|  |TS 11|AC  0|TAMS 0x0000000087d00000, 0x0000000087d00000|
| 104|0x0000000087e00000, 0x0000000087e00000, 0x0000000087f00000|  0%| F|  |TS 11|AC  0|TAMS 0x0000000087e00000, 0x0000000087e00000|
| 105|0x0000000087f00000, 0x0000000087f00000, 0x0000000088000000|  0%| F|  |TS 11|AC  0|TAMS 0x0000000087f00000, 0x0000000087f00000|
| 106|0x0000000088000000, 0x0000000088000000, 0x0000000088100000|  0%| F|  |TS 11|AC  0|TAMS 0x0000000088000000, 0x0000000088000000|
| 107|0x0000000088100000, 0x0000000088100000, 0x0000000088200000|  0%| F|  |TS 11|AC  0|TAMS 0x0000000088100000, 0x0000000088100000|
| 108|0x0000000088200000, 0x0000000088200000, 0x0000000088300000|  0%| F|  |TS 11|AC  0|TAMS 0x0000000088200000, 0x0000000088200000|
| 109|0x0000000088300000, 0x0000000088300000, 0x0000000088400000|  0%| F|  |TS 11|AC  0|TAMS 0x0000000088300000, 0x0000000088300000|
| 110|0x0000000088400000, 0x0000000088400000, 0x0000000088500000|  0%| F|  |TS 11|AC  0|TAMS 0x0000000088400000, 0x0000000088400000|
| 111|0x0000000088500000, 0x0000000088500000, 0x0000000088600000|  0%| F|  |TS 11|AC  0|TAMS 0x0000000088500000, 0x0000000088500000|
| 112|0x0000000088600000, 0x0000000088600000, 0x0000000088700000|  0%| F|  |TS 11|AC  0|TAMS 0x0000000088600000, 0x0000000088600000|
| 113|0x0000000088700000, 0x0000000088700000, 0x0000000088800000|  0%| F|  |TS 11|AC  0|TAMS 0x0000000088700000, 0x0000000088700000|
| 114|0x0000000088800000, 0x0000000088800000, 0x0000000088900000|  0%| F|  |TS 11|AC  0|TAMS 0x0000000088800000, 0x0000000088800000|
| 115|0x0000000088900000, 0x0000000088900000, 0x0000000088a00000|  0%| F|  |TS 11|AC  0|TAMS 0x0000000088900000, 0x0000000088900000|
| 116|0x0000000088a00000, 0x0000000088a00000, 0x0000000088b00000|  0%| F|  |TS 11|AC  0|TAMS 0x0000000088a00000, 0x0000000088a00000|
| 117|0x0000000088b00000, 0x0000000088b00000, 0x0000000088c00000|  0%| F|  |TS 11|AC  0|TAMS 0x0000000088b00000, 0x0000000088b00000|
| 118|0x0000000088c00000, 0x0000000088c00000, 0x0000000088d00000|  0%| F|  |TS 11|AC  0|TAMS 0x0000000088c00000, 0x0000000088c00000|
| 119|0x0000000088d00000, 0x0000000088d00000, 0x0000000088e00000|  0%| F|  |TS 11|AC  0|TAMS 0x0000000088d00000, 0x0000000088d00000|
| 120|0x0000000088e00000, 0x0000000088e00000, 0x0000000088f00000|  0%| F|  |TS 11|AC  0|TAMS 0x0000000088e00000, 0x0000000088e00000|
| 121|0x0000000088f00000, 0x0000000088f00000, 0x0000000089000000|  0%| F|  |TS 11|AC  0|TAMS 0x0000000088f00000, 0x0000000088f00000|
| 122|0x0000000089000000, 0x0000000089000000, 0x0000000089100000|  0%| F|  |TS 11|AC  0|TAMS 0x0000000089000000, 0x0000000089000000|
| 123|0x0000000089100000, 0x0000000089100000, 0x0000000089200000|  0%| F|  |TS 11|AC  0|TAMS 0x0000000089100000, 0x0000000089100000|
| 124|0x0000000089200000, 0x0000000089200000, 0x0000000089300000|  0%| F|  |TS 11|AC  0|TAMS 0x0000000089200000, 0x0000000089200000|
| 125|0x0000000089300000, 0x0000000089300000, 0x0000000089400000|  0%| F|  |TS 11|AC  0|TAMS 0x0000000089300000, 0x0000000089300000|
| 126|0x0000000089400000, 0x0000000089400000, 0x0000000089500000|  0%| F|  |TS 11|AC  0|TAMS 0x0000000089400000, 0x0000000089400000|
| 127|0x0000000089500000, 0x0000000089500000, 0x0000000089600000|  0%| F|  |TS 11|AC  0|TAMS 0x0000000089500000, 0x0000000089500000|
| 128|0x0000000089600000, 0x0000000089600000, 0x0000000089700000|  0%| F|  |TS 11|AC  0|TAMS 0x0000000089600000, 0x0000000089600000|
| 129|0x0000000089700000, 0x0000000089700000, 0x0000000089800000|  0%| F|  |TS 11|AC  0|TAMS 0x0000000089700000, 0x0000000089700000|
| 130|0x0000000089800000, 0x0000000089800000, 0x0000000089900000|  0%| F|  |TS 11|AC  0|TAMS 0x0000000089800000, 0x0000000089800000|
| 131|0x0000000089900000, 0x0000000089900000, 0x0000000089a00000|  0%| F|  |TS 11|AC  0|TAMS 0x0000000089900000, 0x0000000089900000|
| 132|0x0000000089a00000, 0x0000000089a00000, 0x0000000089b00000|  0%| F|  |TS 11|AC  0|TAMS 0x0000000089a00000, 0x0000000089a00000|
| 133|0x0000000089b00000, 0x0000000089b00000, 0x0000000089c00000|  0%| F|  |TS 11|AC  0|TAMS 0x0000000089b00000, 0x0000000089b00000|
| 134|0x0000000089c00000, 0x0000000089c00000, 0x0000000089d00000|  0%| F|  |TS 11|AC  0|TAMS 0x0000000089c00000, 0x0000000089c00000|
| 135|0x0000000089d00000, 0x0000000089d00000, 0x0000000089e00000|  0%| F|  |TS 11|AC  0|TAMS 0x0000000089d00000, 0x0000000089d00000|
| 136|0x0000000089e00000, 0x0000000089e00000, 0x0000000089f00000|  0%| F|  |TS 11|AC  0|TAMS 0x0000000089e00000, 0x0000000089e00000|
| 137|0x0000000089f00000, 0x0000000089f00000, 0x000000008a000000|  0%| F|  |TS 11|AC  0|TAMS 0x0000000089f00000, 0x0000000089f00000|
| 138|0x000000008a000000, 0x000000008a000000, 0x000000008a100000|  0%| F|  |TS 11|AC  0|TAMS 0x000000008a000000, 0x000000008a000000|
| 139|0x000000008a100000, 0x000000008a100000, 0x000000008a200000|  0%| F|  |TS 11|AC  0|TAMS 0x000000008a100000, 0x000000008a100000|
| 140|0x000000008a200000, 0x000000008a200000, 0x000000008a300000|  0%| F|  |TS 11|AC  0|TAMS 0x000000008a200000, 0x000000008a200000|
| 141|0x000000008a300000, 0x000000008a300000, 0x000000008a400000|  0%| F|  |TS 11|AC  0|TAMS 0x000000008a300000, 0x000000008a300000|
| 142|0x000000008a400000, 0x000000008a400000, 0x000000008a500000|  0%| F|  |TS 11|AC  0|TAMS 0x000000008a400000, 0x000000008a400000|
| 143|0x000000008a500000, 0x000000008a500000, 0x000000008a600000|  0%| F|  |TS 11|AC  0|TAMS 0x000000008a500000, 0x000000008a500000|
| 144|0x000000008a600000, 0x000000008a600000, 0x000000008a700000|  0%| F|  |TS 11|AC  0|TAMS 0x000000008a600000, 0x000000008a600000|
| 145|0x000000008a700000, 0x000000008a700000, 0x000000008a800000|  0%| F|  |TS 11|AC  0|TAMS 0x000000008a700000, 0x000000008a700000|
| 146|0x000000008a800000, 0x000000008a800000, 0x000000008a900000|  0%| F|  |TS 11|AC  0|TAMS 0x000000008a800000, 0x000000008a800000|
| 147|0x000000008a900000, 0x000000008a900000, 0x000000008aa00000|  0%| F|  |TS 11|AC  0|TAMS 0x000000008a900000, 0x000000008a900000|
| 148|0x000000008aa00000, 0x000000008aa00000, 0x000000008ab00000|  0%| F|  |TS 11|AC  0|TAMS 0x000000008aa00000, 0x000000008aa00000|
| 149|0x000000008ab00000, 0x000000008ab00000, 0x000000008ac00000|  0%| F|  |TS 11|AC  0|TAMS 0x000000008ab00000, 0x000000008ab00000|
| 150|0x000000008ac00000, 0x000000008ac00000, 0x000000008ad00000|  0%| F|  |TS 11|AC  0|TAMS 0x000000008ac00000, 0x000000008ac00000|
| 151|0x000000008ad00000, 0x000000008ad00000, 0x000000008ae00000|  0%| F|  |TS 11|AC  0|TAMS 0x000000008ad00000, 0x000000008ad00000|
| 152|0x000000008ae00000, 0x000000008ae00000, 0x000000008af00000|  0%| F|  |TS 11|AC  0|TAMS 0x000000008ae00000, 0x000000008ae00000|
| 153|0x000000008af00000, 0x000000008af00000, 0x000000008b000000|  0%| F|  |TS 11|AC  0|TAMS 0x000000008af00000, 0x000000008af00000|

Card table byte_map: [0x00000239ccf10000,0x00000239cd310000] byte_map_base: 0x00000239ccb05000

Marking Bits (Prev, Next): (CMBitMap*) 0x00000239b0f60358, (CMBitMap*) 0x00000239b0f60320
 Prev Bits: [0x00000239cf6c0000, 0x00000239d1668000)
 Next Bits: [0x00000239cd710000, 0x00000239cf6b8000)

Polling page: 0x00000239b0e10000

CodeHeap 'non-profiled nmethods': size=120064Kb used=3142Kb max_used=3142Kb free=116921Kb
 bounds [0x00000239c4ca0000, 0x00000239c4fd0000, 0x00000239cc1e0000]
CodeHeap 'profiled nmethods': size=120000Kb used=10782Kb max_used=13295Kb free=109217Kb
 bounds [0x00000239bd770000, 0x00000239be470000, 0x00000239c4ca0000]
CodeHeap 'non-nmethods': size=5696Kb used=1302Kb max_used=1366Kb free=4394Kb
 bounds [0x00000239bd1e0000, 0x00000239bd450000, 0x00000239bd770000]
 total_blobs=7168 nmethods=4582 adapters=402
 compilation: enabled

Compilation events (10 events):
Event: 7.468 Thread 0x00000239d4593800 nmethod 5280 0x00000239c4d0a610 code [0x00000239c4d0a7a0, 0x00000239c4d0a958]
Event: 7.482 Thread 0x00000239d4593800 5285       4       org.apache.tomcat.util.bcel.classfile.AnnotationEntry::read (73 bytes)
Event: 7.499 Thread 0x00000239d4593800 nmethod 5285 0x00000239c4e70590 code [0x00000239c4e707a0, 0x00000239c4e714d0]
Event: 7.581 Thread 0x00000239d4593800 5286       4       org.apache.catalina.startup.ContextConfig::populateSCIsForCacheEntry (192 bytes)
Event: 7.621 Thread 0x00000239d4599800 nmethod 5269 0x00000239c4fc0090 code [0x00000239c4fc0780, 0x00000239c4fc82b8]
Event: 7.622 Thread 0x00000239d4599800 5290       4       java.net.URI$Parser::scan (76 bytes)
Event: 7.626 Thread 0x00000239d4599800 nmethod 5290 0x00000239c4d80410 code [0x00000239c4d805c0, 0x00000239c4d80828]
Event: 7.626 Thread 0x00000239d4599800 5287       4       org.apache.tomcat.util.bcel.classfile.ClassParser::<init> (90 bytes)
Event: 7.648 Thread 0x00000239d4599800 nmethod 5287 0x00000239c4e6f190 code [0x00000239c4e6f380, 0x00000239c4e701a8]
Event: 7.648 Thread 0x00000239d4599800 5288   !   4       org.apache.tomcat.util.bcel.classfile.ClassParser::parse (294 bytes)

GC Heap History (10 events):
Event: 3.654 GC heap after
{Heap after GC invocations=6 (full 0):
 garbage-first heap   total 131072K, used 14017K [0x0000000081600000, 0x0000000081700400, 0x0000000100000000)
  region size 1024K, 6 young (6144K), 6 survivors (6144K)
 Metaspace       used 22248K, capacity 22778K, committed 23040K, reserved 1069056K
  class space    used 2310K, capacity 2448K, committed 2560K, reserved 1048576K
}
Event: 4.835 GC heap before
{Heap before GC invocations=6 (full 0):
 garbage-first heap   total 131072K, used 85697K [0x0000000081600000, 0x0000000081700400, 0x0000000100000000)
  region size 1024K, 76 young (77824K), 6 survivors (6144K)
 Metaspace       used 25277K, capacity 26020K, committed 26368K, reserved 1073152K
  class space    used 2634K, capacity 2805K, committed 2816K, reserved 1048576K
}
Event: 4.844 GC heap after
{Heap after GC invocations=7 (full 0):
 garbage-first heap   total 157696K, used 18264K [0x0000000081600000, 0x00000000817004d0, 0x0000000100000000)
  region size 1024K, 10 young (10240K), 10 survivors (10240K)
 Metaspace       used 25277K, capacity 26020K, committed 26368K, reserved 1073152K
  class space    used 2634K, capacity 2805K, committed 2816K, reserved 1048576K
}
Event: 5.988 GC heap before
{Heap before GC invocations=7 (full 0):
 garbage-first heap   total 157696K, used 102232K [0x0000000081600000, 0x00000000817004d0, 0x0000000100000000)
  region size 1024K, 92 young (94208K), 10 survivors (10240K)
 Metaspace       used 30847K, capacity 31958K, committed 32256K, reserved 1077248K
  class space    used 3244K, capacity 3484K, committed 3584K, reserved 1048576K
}
Event: 6.009 GC heap after
{Heap after GC invocations=8 (full 0):
 garbage-first heap   total 157696K, used 30364K [0x0000000081600000, 0x00000000817004d0, 0x0000000100000000)
  region size 1024K, 12 young (12288K), 12 survivors (12288K)
 Metaspace       used 30847K, capacity 31958K, committed 32256K, reserved 1077248K
  class space    used 3244K, capacity 3484K, committed 3584K, reserved 1048576K
}
Event: 6.721 GC heap before
{Heap before GC invocations=8 (full 0):
 garbage-first heap   total 157696K, used 109212K [0x0000000081600000, 0x00000000817004d0, 0x0000000100000000)
  region size 1024K, 89 young (91136K), 12 survivors (12288K)
 Metaspace       used 30869K, capacity 32022K, committed 32256K, reserved 1077248K
  class space    used 3244K, capacity 3484K, committed 3584K, reserved 1048576K
}
Event: 6.742 GC heap after
{Heap after GC invocations=9 (full 0):
 garbage-first heap   total 157696K, used 42296K [0x0000000081600000, 0x00000000817004d0, 0x0000000100000000)
  region size 1024K, 12 young (12288K), 12 survivors (12288K)
 Metaspace       used 30869K, capacity 32022K, committed 32256K, reserved 1077248K
  class space    used 3244K, capacity 3484K, committed 3584K, reserved 1048576K
}
Event: 7.276 GC heap before
{Heap before GC invocations=9 (full 0):
 garbage-first heap   total 157696K, used 112952K [0x0000000081600000, 0x00000000817004d0, 0x0000000100000000)
  region size 1024K, 81 young (82944K), 12 survivors (12288K)
 Metaspace       used 30869K, capacity 32022K, committed 32256K, reserved 1077248K
  class space    used 3244K, capacity 3484K, committed 3584K, reserved 1048576K
}
Event: 7.288 GC heap after
{Heap after GC invocations=10 (full 0):
 garbage-first heap   total 157696K, used 44516K [0x0000000081600000, 0x00000000817004d0, 0x0000000100000000)
  region size 1024K, 11 young (11264K), 11 survivors (11264K)
 Metaspace       used 30869K, capacity 32022K, committed 32256K, reserved 1077248K
  class space    used 3244K, capacity 3484K, committed 3584K, reserved 1048576K
}
Event: 7.686 GC heap before
{Heap before GC invocations=10 (full 0):
 garbage-first heap   total 157696K, used 113124K [0x0000000081600000, 0x00000000817004d0, 0x0000000100000000)
  region size 1024K, 78 young (79872K), 11 survivors (11264K)
 Metaspace       used 30873K, capacity 32022K, committed 32256K, reserved 1077248K
  class space    used 3244K, capacity 3484K, committed 3584K, reserved 1048576K
}

Deoptimization events (10 events):
Event: 5.654 Thread 0x00000239d5869000 Uncommon trap: reason=unloaded action=reinterpret pc=0x00000239c4f661c4 method=org.apache.tomcat.util.bcel.classfile.Constant.readConstant(Ljava/io/DataInputStream;)Lorg/apache/tomcat/util/bcel/classfile/Constant; @ 146 c2
Event: 5.657 Thread 0x00000239d5869000 Uncommon trap: reason=unstable_if action=reinterpret pc=0x00000239c4f63b48 method=org.apache.tomcat.util.bcel.classfile.ConstantUtf8.getCachedInstance(Ljava/lang/String;)Lorg/apache/tomcat/util/bcel/classfile/ConstantUtf8; @ 7 c2
Event: 5.913 Thread 0x00000239d5869000 Uncommon trap: reason=unstable_if action=reinterpret pc=0x00000239c4f76ef4 method=org.apache.tomcat.util.bcel.classfile.ConstantUtf8$1.removeEldestEntry(Ljava/util/Map$Entry;)Z @ 7 c2
Event: 5.929 Thread 0x00000239d5869000 Uncommon trap: reason=unstable_if action=reinterpret pc=0x00000239c4f36f74 method=java.util.HashMap.removeNode(ILjava/lang/Object;Ljava/lang/Object;ZZ)Ljava/util/HashMap$Node; @ 71 c2
Event: 6.100 Thread 0x00000239d5869000 Uncommon trap: reason=unloaded action=reinterpret pc=0x00000239c4f88924 method=org.apache.tomcat.util.bcel.classfile.Attribute.readAttribute(Ljava/io/DataInputStream;Lorg/apache/tomcat/util/bcel/classfile/ConstantPool;)Lorg/apache/tomcat/util/bcel/classfi
Event: 6.500 Thread 0x00000239d5869000 Uncommon trap: reason=unstable_if action=reinterpret pc=0x00000239c4f011ac method=org.codehaus.plexus.classworlds.realm.Entry.matches(Ljava/lang/String;)Z @ 209 c2
Event: 6.688 Thread 0x00000239d5869000 Uncommon trap: reason=class_check action=maybe_recompile pc=0x00000239c4d6134c method=org.apache.tomcat.util.bcel.classfile.JavaClass.getAnnotationEntries()[Lorg/apache/tomcat/util/bcel/classfile/AnnotationEntry; @ 43 c2
Event: 6.688 Thread 0x00000239d5869000 Uncommon trap: reason=class_check action=maybe_recompile pc=0x00000239c4d6134c method=org.apache.tomcat.util.bcel.classfile.JavaClass.getAnnotationEntries()[Lorg/apache/tomcat/util/bcel/classfile/AnnotationEntry; @ 43 c2
Event: 6.688 Thread 0x00000239d5869000 Uncommon trap: reason=class_check action=maybe_recompile pc=0x00000239c4d6134c method=org.apache.tomcat.util.bcel.classfile.JavaClass.getAnnotationEntries()[Lorg/apache/tomcat/util/bcel/classfile/AnnotationEntry; @ 43 c2
Event: 6.688 Thread 0x00000239d5869000 Uncommon trap: reason=class_check action=maybe_recompile pc=0x00000239c4d6134c method=org.apache.tomcat.util.bcel.classfile.JavaClass.getAnnotationEntries()[Lorg/apache/tomcat/util/bcel/classfile/AnnotationEntry; @ 43 c2

Classes redefined (0 events):
No events

Internal exceptions (10 events):
Event: 5.011 Thread 0x00000239b0ebc800 Exception <a 'java/lang/NoSuchMethodError'{0x000000008a9dbbf0}: java.lang.invoke.DirectMethodHandle$Holder.invokeSpecial(Ljava/lang/Object;Ljava/lang/Object;IILjava/lang/Object;Ljava/lang/Object;Ljava/lang/Object;)Ljava/lang/Object;> (0x000000008a9dbbf0) 
Event: 5.012 Thread 0x00000239b0ebc800 Exception <a 'java/lang/NoSuchMethodError'{0x000000008a9df3f0}: java.lang.invoke.DelegatingMethodHandle$Holder.reinvoke_L(Ljava/lang/Object;IILjava/lang/Object;Ljava/lang/Object;Ljava/lang/Object;)Ljava/lang/Object;> (0x000000008a9df3f0) thrown at [t:/wor
Event: 5.012 Thread 0x00000239b0ebc800 Exception <a 'java/lang/NoSuchMethodError'{0x000000008a9e4ce8}: method resolution failed> (0x000000008a9e4ce8) thrown at [t:/workspace/hotspot/src/share/vm/prims/methodHandles.cpp, line 1256]
Event: 5.013 Thread 0x00000239b0ebc800 Exception <a 'java/lang/NoSuchMethodError'{0x000000008a9fa1d0}: method resolution failed> (0x000000008a9fa1d0) thrown at [t:/workspace/hotspot/src/share/vm/prims/methodHandles.cpp, line 1256]
Event: 5.015 Thread 0x00000239b0ebc800 Exception <a 'java/lang/NoSuchMethodError'{0x000000008a810648}: method resolution failed> (0x000000008a810648) thrown at [t:/workspace/hotspot/src/share/vm/prims/methodHandles.cpp, line 1256]
Event: 5.016 Thread 0x00000239b0ebc800 Exception <a 'java/lang/NoSuchMethodError'{0x000000008a828328}: method resolution failed> (0x000000008a828328) thrown at [t:/workspace/hotspot/src/share/vm/prims/methodHandles.cpp, line 1256]
Event: 5.017 Thread 0x00000239b0ebc800 Exception <a 'java/lang/NoSuchMethodError'{0x000000008a841900}: method resolution failed> (0x000000008a841900) thrown at [t:/workspace/hotspot/src/share/vm/prims/methodHandles.cpp, line 1256]
Event: 5.217 Thread 0x00000239b0ebc800 Exception <a 'java/lang/ClassNotFoundException'{0x000000008a0394f8}: sun/util/logging/resources/spi/loggingProvider> (0x000000008a0394f8) thrown at [t:/workspace/hotspot/src/share/vm/classfile/systemDictionary.cpp, line 218]
Event: 5.319 Thread 0x00000239d5869000 Implicit null exception at 0x00000239c4f143f4 to 0x00000239c4f149b1
Event: 5.517 Thread 0x00000239d5869000 Implicit null exception at 0x00000239c4eea04b to 0x00000239c4eea859

Events (10 events):
Event: 6.768 Thread 0x00000239d45a0800 flushing nmethod 0x00000239bdc51310
Event: 6.768 Thread 0x00000239d45a0800 flushing nmethod 0x00000239bde3c210
Event: 6.769 Thread 0x00000239d45a0800 flushing nmethod 0x00000239be0ad010
Event: 6.769 Thread 0x00000239d45a0800 flushing nmethod 0x00000239be1cdd10
Event: 6.769 Thread 0x00000239d45a0800 flushing nmethod 0x00000239be1da110
Event: 6.769 Thread 0x00000239d45a0800 flushing nmethod 0x00000239be1df190
Event: 6.769 Thread 0x00000239d45a0800 flushing nmethod 0x00000239be1ec210
Event: 7.276 Executing VM operation: G1IncCollectionPause
Event: 7.288 Executing VM operation: G1IncCollectionPause done
Event: 7.686 Executing VM operation: G1IncCollectionPause


Dynamic libraries:
0x00007ff7ba380000 - 0x00007ff7ba3be000 	C:\Program Files\Java\jdk-9.0.4\bin\java.exe
0x00007ff9c5340000 - 0x00007ff9c5530000 	C:\WINDOWS\SYSTEM32\ntdll.dll
0x00007ff9c3a90000 - 0x00007ff9c3b42000 	C:\WINDOWS\System32\KERNEL32.DLL
0x00007ff9c2f40000 - 0x00007ff9c31e4000 	C:\WINDOWS\System32\KERNELBASE.dll
0x00007ff9c45d0000 - 0x00007ff9c4673000 	C:\WINDOWS\System32\ADVAPI32.dll
0x00007ff9c38b0000 - 0x00007ff9c394e000 	C:\WINDOWS\System32\msvcrt.dll
0x00007ff9c3e40000 - 0x00007ff9c3ed7000 	C:\WINDOWS\System32\sechost.dll
0x00007ff9c3ee0000 - 0x00007ff9c4000000 	C:\WINDOWS\System32\RPCRT4.dll
0x00007ff9c5100000 - 0x00007ff9c5295000 	C:\WINDOWS\System32\USER32.dll
0x00007ff9c2600000 - 0x00007ff9c2621000 	C:\WINDOWS\System32\win32u.dll
0x00007ff9c3b50000 - 0x00007ff9c3b76000 	C:\WINDOWS\System32\GDI32.dll
0x00007ff9c3250000 - 0x00007ff9c33e6000 	C:\WINDOWS\System32\gdi32full.dll
0x00007ff9c22c0000 - 0x00007ff9c235e000 	C:\WINDOWS\System32\msvcp_win.dll
0x00007ff9c26b0000 - 0x00007ff9c27aa000 	C:\WINDOWS\System32\ucrtbase.dll
0x00007ff9acd20000 - 0x00007ff9acfa4000 	C:\WINDOWS\WinSxS\amd64_microsoft.windows.common-controls_6595b64144ccf1df_6.0.18362.1016_none_9e7a36bbe461dae4\COMCTL32.dll
0x00007ff9c33f0000 - 0x00007ff9c3725000 	C:\WINDOWS\System32\combase.dll
0x00007ff9bdad0000 - 0x00007ff9bdada000 	C:\WINDOWS\SYSTEM32\VERSION.dll
0x00007ff9c2560000 - 0x00007ff9c25e0000 	C:\WINDOWS\System32\bcryptPrimitives.dll
0x00007ff9c3880000 - 0x00007ff9c38ae000 	C:\WINDOWS\System32\IMM32.DLL
0x00007ff98f7b0000 - 0x00007ff98f89f000 	C:\Program Files\Java\jdk-9.0.4\bin\msvcr120.dll
0x00007ff98f700000 - 0x00007ff98f7a6000 	C:\Program Files\Java\jdk-9.0.4\bin\msvcp120.dll
0x00000000616b0000 - 0x00000000620d5000 	C:\Program Files\Java\jdk-9.0.4\bin\server\jvm.dll
0x00007ff9c3ce0000 - 0x00007ff9c3ce8000 	C:\WINDOWS\System32\PSAPI.DLL
0x00007ff9b9ab0000 - 0x00007ff9b9ad4000 	C:\WINDOWS\SYSTEM32\WINMM.dll
0x00007ff9b9860000 - 0x00007ff9b988d000 	C:\WINDOWS\SYSTEM32\WINMMBASE.dll
0x00007ff9c2630000 - 0x00007ff9c267a000 	C:\WINDOWS\System32\cfgmgr32.dll
0x00007ff9ae0e0000 - 0x00007ff9ae0e9000 	C:\WINDOWS\SYSTEM32\WSOCK32.dll
0x00007ff9c3950000 - 0x00007ff9c39bf000 	C:\WINDOWS\System32\WS2_32.dll
0x00007ff9bf940000 - 0x00007ff9bf94f000 	C:\Program Files\Java\jdk-9.0.4\bin\verify.dll
0x00007ff9bd920000 - 0x00007ff9bd947000 	C:\Program Files\Java\jdk-9.0.4\bin\java.dll
0x00007ff9b7ca0000 - 0x00007ff9b7cca000 	C:\Program Files\Java\jdk-9.0.4\bin\instrument.dll
0x00007ff9bd900000 - 0x00007ff9bd916000 	C:\Program Files\Java\jdk-9.0.4\bin\zip.dll
0x00007ff9bd8f0000 - 0x00007ff9bd8fa000 	C:\Program Files\Java\jdk-9.0.4\bin\jimage.dll
0x00007ff9c4990000 - 0x00007ff9c5077000 	C:\WINDOWS\System32\SHELL32.dll
0x00007ff9c40b0000 - 0x00007ff9c4159000 	C:\WINDOWS\System32\shcore.dll
0x00007ff9c27b0000 - 0x00007ff9c2f32000 	C:\WINDOWS\System32\windows.storage.dll
0x00007ff9c2270000 - 0x00007ff9c2293000 	C:\WINDOWS\System32\profapi.dll
0x00007ff9c2220000 - 0x00007ff9c226a000 	C:\WINDOWS\System32\powrprof.dll
0x00007ff9c21f0000 - 0x00007ff9c2200000 	C:\WINDOWS\System32\UMPDC.dll
0x00007ff9c3730000 - 0x00007ff9c3782000 	C:\WINDOWS\System32\shlwapi.dll
0x00007ff9c2200000 - 0x00007ff9c2211000 	C:\WINDOWS\System32\kernel.appcore.dll
0x00007ff9c25e0000 - 0x00007ff9c25f7000 	C:\WINDOWS\System32\cryptsp.dll
0x00007ff9bb270000 - 0x00007ff9bb28a000 	C:\Program Files\Java\jdk-9.0.4\bin\net.dll
0x00007ff9ba130000 - 0x00007ff9ba220000 	C:\WINDOWS\SYSTEM32\WINHTTP.dll
0x00007ff9c1a50000 - 0x00007ff9c1ab7000 	C:\WINDOWS\system32\mswsock.dll
0x00007ff9ba950000 - 0x00007ff9ba961000 	C:\Program Files\Java\jdk-9.0.4\bin\nio.dll
0x00007ff9b7970000 - 0x00007ff9b798a000 	F:\IDEA\IntelliJ IDEA 2020.1.2\bin\breakgen64.dll
0x00007ff9c15c0000 - 0x00007ff9c15f3000 	C:\WINDOWS\system32\rsaenh.dll
0x00007ff9c2680000 - 0x00007ff9c26a6000 	C:\WINDOWS\System32\bcrypt.dll
0x00007ff9c2110000 - 0x00007ff9c2135000 	C:\WINDOWS\SYSTEM32\USERENV.dll
0x00007ff9c1c20000 - 0x00007ff9c1c2c000 	C:\WINDOWS\SYSTEM32\CRYPTBASE.dll
0x00007ff9c1760000 - 0x00007ff9c179a000 	C:\WINDOWS\SYSTEM32\IPHLPAPI.DLL
0x00007ff9c4680000 - 0x00007ff9c4688000 	C:\WINDOWS\System32\NSI.dll
0x00007ff9bc170000 - 0x00007ff9bc186000 	C:\WINDOWS\SYSTEM32\dhcpcsvc6.DLL
0x00007ff9bbf40000 - 0x00007ff9bbf5c000 	C:\WINDOWS\SYSTEM32\dhcpcsvc.DLL
0x00007ff9c17a0000 - 0x00007ff9c186b000 	C:\WINDOWS\SYSTEM32\DNSAPI.dll
0x00007ff9bd100000 - 0x00007ff9bd10a000 	C:\Users\Administrator\AppData\Local\Temp\jansi-1.17.1-862087734029293043.dll
0x00007ff9bb260000 - 0x00007ff9bb26a000 	C:\Users\Administrator\AppData\Local\Temp\jansi-1.17.1-16489679828951910269.dll
0x00007ff9bc7e0000 - 0x00007ff9bc7e9000 	C:\Program Files\Java\jdk-9.0.4\bin\management.dll
0x00007ff9bad40000 - 0x00007ff9bad4a000 	C:\Program Files\Java\jdk-9.0.4\bin\management_ext.dll
0x00007ff9c0bb0000 - 0x00007ff9c0da4000 	C:\WINDOWS\SYSTEM32\dbghelp.dll

VM Arguments:
jvm_args: -Dmaven.multiModuleProjectDirectory=C:\Users\Administrator\Desktop\chong\flyCinema_by_github -DarchetypeCatalog=internal -Dmaven.home=H:\BOOKs\IT\Desktop_Quick_Path\06_Java_EE\apache-maven-3.6.3 -Dclassworlds.conf=H:\BOOKs\IT\Desktop_Quick_Path\06_Java_EE\apache-maven-3.6.3\bin\m2.conf -Dmaven.ext.class.path=F:\IDEA\IntelliJ IDEA 2020.1.2\plugins\maven\lib\maven-event-listener.jar -javaagent:F:\IDEA\IntelliJ IDEA 2020.1.2\lib\idea_rt.jar=5953:F:\IDEA\IntelliJ IDEA 2020.1.2\bin -Dfile.encoding=UTF-8 
java_command: org.codehaus.classworlds.Launcher -Didea.version2020.1.2 -s H:\BOOKs\IT\Desktop_Quick_Path\06_Java_EE\apache-maven-3.6.3\conf\settings.xml tomcat7:run
java_class_path (initial): H:\BOOKs\IT\Desktop_Quick_Path\06_Java_EE\apache-maven-3.6.3\boot\plexus-classworlds-2.6.0.jar;H:\BOOKs\IT\Desktop_Quick_Path\06_Java_EE\apache-maven-3.6.3\boot\plexus-classworlds.license
Launcher Type: SUN_STANDARD

Logging:
Log output configuration:
#0: stdout all=warning uptime,level,tags
#1: stderr all=off uptime,level,tags

Environment Variables:
JAVA_HOME=C:\Program Files\Java\jdk-9.0.4
PATH=H:\BOOKs\IT\Desktop_Quick_Path\06_Java_EE\apache-tomcat-8.5.40\bin;H:\BOOKs\IT\Desktop_Quick_Path\06_Java_EE\apache-maven-3.6.3\bin;C:\ProgramData\Oracle\Java\javapath;C:\Program Files (x86)\Common Files\Intel\Shared Libraries\redist\intel64\compiler;C:\WINDOWS\system32;C:\WINDOWS;C:\WINDOWS\System32\Wbem;C:\WINDOWS\System32\WindowsPowerShell\v1.0\;C:\WINDOWS\System32\OpenSSH\;F:\mactype;C:\Program Files\Java\jdk-9.0.4\bin;C:\Program Files\Java\jdk-9.0.4\bin;C:\Program Files (x86)\Git\cmd;C:\Program Files\MySQL\MySQL Server 8.0\bin;F:\putty\;C:\Users\Administrator\AppData\Local\Microsoft\WindowsApps;
USERNAME=Administrator
OS=Windows_NT
PROCESSOR_IDENTIFIER=Intel64 Family 6 Model 94 Stepping 3, GenuineIntel



---------------  S Y S T E M  ---------------

OS: Windows 10 , 64 bit Build 18362 (10.0.18362.959)

CPU:total 4 (initial active 4) (4 cores per cpu, 1 threads per core) family 6 model 94 stepping 3, cmov, cx8, fxsr, mmx, sse, sse2, sse3, ssse3, sse4.1, sse4.2, popcnt, avx, avx2, aes, clmul, erms, rtm, 3dnowpref, lzcnt, tsc, tscinvbit, bmi1, bmi2, adx, fma

Memory: 4k page, physical 8295280k(476836k free), swap 11674480k(10224k free)

vm_info: Java HotSpot(TM) 64-Bit Server VM (9.0.4+11) for windows-amd64 JRE (9.0.4+11), built on Dec 20 2017 02:18:54 by "mach5one" with MS VC++ 12.0 (VS2013)

END.
